
=================================================
🚀 LoadUp API Beta Server running!
=================================================
- Environment: development
- Port: 3002
- Time: 2025-03-13T21:30:56.688Z
=================================================

[2025-03-13T21:30:59.341Z] GET /health - 200 (3ms)
[2025-03-13T21:31:03.222Z] GET /api/shipments - 200 (0ms)
[2025-03-13T21:36:29.643Z] GET / - 404 (4ms)
[2025-03-13T21:37:25.312Z] GET /health - 200 (0ms)
[2025-03-13T21:37:47.629Z] GET /api/shipments - 200 (0ms)
[2025-03-13T21:38:11.855Z] GET /api/drivers - 200 (3ms)
[2025-03-13T21:39:16.986Z] GET /api/shipments - 200 (0ms)
[2025-03-13T21:39:17.096Z] GET /favicon.ico - 404 (1ms)
[2025-03-13T21:52:40.404Z] GET /api/shipments - 304 (1ms)
[2025-03-13T21:59:48.381Z] GET /health - 200 (1ms)
[2025-03-13T21:59:52.860Z] GET /api/shipments - 200 (1ms)
[2025-03-13T22:01:24.739Z] GET /api/shipments - 200 (0ms)
[2025-03-13T22:03:13.900Z] GET /api/shipments - 200 (0ms)
[2025-03-13T22:05:16.601Z] GET /api/shipments - 304 (1ms)
[2025-03-13T22:06:39.181Z] GET /api/shipments - 200 (1ms)
[2025-03-13T22:08:06.191Z] GET /api/shipments - 304 (1ms)
[2025-03-13T22:13:24.221Z] GET /api/shipments - 200 (0ms)
[2025-03-13T22:13:28.974Z] GET /api/shipments - 200 (1ms)
[2025-03-13T22:37:22.823Z] GET /health - 200 (0ms)
[2025-03-13T22:37:27.539Z] GET /api/shipments - 200 (1ms)

=================================================
🚀 LoadUp API Beta Server running!
=================================================
- Environment: development
- Port: 3002
- Time: 2025-03-13T23:47:45.942Z
=================================================

[2025-03-13T23:47:48.199Z] GET /health - 200 (4ms)

=================================================
🚀 LoadUp API Beta Server running!
=================================================
- Environment: development
- Port: 3002
- Time: 2025-03-14T10:48:44.373Z
=================================================

[2025-03-14T10:48:49.490Z] GET /health - 200 (4ms)
[2025-03-14T10:48:54.144Z] GET /api/shipments - 200 (1ms)
[2025-03-14T10:48:58.435Z] GET /api/drivers - 200 (1ms)

=================================================
🚀 LoadUp API Beta Server running!
=================================================
- Environment: development
- Port: 3002
- Time: 2025-03-14T11:40:28.067Z
=================================================

[2025-03-14T11:40:32.886Z] GET /health - 200 (3ms)
[2025-03-14T12:01:14.501Z] GET /health - 200 (2ms)
[2025-03-14T13:16:27.023Z] GET /health - 200 (2ms)
[2025-03-14T13:51:01.260Z] GET /health - 200 (1ms)
[2025-03-14T13:52:52.792Z] GET /api/shipments - 200 (2ms)
[2025-03-14T13:52:52.895Z] GET /favicon.ico - 404 (5ms)
[2025-03-14T13:53:10.248Z] GET / - 404 (2ms)
[2025-03-14T13:53:13.788Z] GET / - 404 (1ms)
[2025-03-14T13:54:06.254Z] GET /api/shipments - 200 (1ms)
[2025-03-14T13:54:19.303Z] GET /api/shipments - 304 (3ms)
[2025-03-14T14:15:55.820Z] GET /health - 200 (0ms)
[2025-03-14T14:17:31.433Z] GET /api/shipments - 304 (2ms)
[2025-03-14T15:16:35.709Z] GET /health - 200 (1ms)
[2025-03-14T15:16:46.511Z] GET /api/shipments - 200 (1ms)
[2025-03-14T15:50:39.188Z] GET /health - 200 (1ms)
[2025-03-14T15:50:39.189Z] GET /api/shipments - 200 (0ms)
[2025-03-14T15:50:39.192Z] GET /health - 304 (1ms)
[2025-03-14T15:50:39.193Z] GET /api/shipments - 304 (1ms)
